==30538== Memcheck, a memory error detector
==30538== Copyright (C) 2002-2024, and GNU GPL'd, by Julian Seward et al.
==30538== Using Valgrind-3.24.0 and LibVEX; rerun with -h for copyright info
==30538== Command: ./mini_shell
==30538== Parent PID: 27338
==30538== 
==30538== 
==30538== HEAP SUMMARY:
==30538==     in use at exit: 212,953 bytes in 555 blocks
==30538==   total heap usage: 2,148 allocs, 1,593 frees, 262,544 bytes allocated
==30538== 
==30538== 3 bytes in 3 blocks are definitely lost in loss record 1 of 67
==30538==    at 0x484482F: malloc (vg_replace_malloc.c:446)
==30538==    by 0x48A435C: xmalloc (xmalloc.c:59)
==30538==    by 0x4881EAB: readline_internal_teardown (readline.c:508)
==30538==    by 0x488C54A: UnknownInlinedFun (readline.c:707)
==30538==    by 0x488C54A: readline (readline.c:385)
==30538==    by 0x401538: main (main.c:30)
==30538== 
==30538== LEAK SUMMARY:
==30538==    definitely lost: 3 bytes in 3 blocks
==30538==    indirectly lost: 0 bytes in 0 blocks
==30538==      possibly lost: 0 bytes in 0 blocks
==30538==    still reachable: 212,950 bytes in 552 blocks
==30538==         suppressed: 0 bytes in 0 blocks
==30538== Reachable blocks (those to which a pointer was found) are not shown.
==30538== To see them, rerun with: --leak-check=full --show-leak-kinds=all
==30538== 
==30538== For lists of detected and suppressed errors, rerun with: -s
==30538== ERROR SUMMARY: 1 errors from 1 contexts (suppressed: 0 from 0)
